{"level":"error","message":"Error: TypeError: Cannot read properties of undefined (reading 'user')"}
{"level":"warn","message":"Not found URL: http://localhost:8080/cart"}
{"level":"error","message":"Error: TypeError: Cannot read properties of undefined (reading 'user')"}
{"level":"warn","message":"Not found URL: http://localhost:8080/favicon.ico"}
{"level":"error","message":"Error: ValidationError: username: Cast to string failed for value \"{\n  username: 'm@gmail.com',\n  idProduct: '63b495ac4207eabd4a000fcc',\n  quantity: 4\n}\" (type Object) at path \"username\""}
{"level":"error","message":"Error: ValidationError: username: Cast to string failed for value \"{\n  username: 'm@gmail.com',\n  idProduct: '63b495ac4207eabd4a000fcc',\n  quantity: 4\n}\" (type Object) at path \"username\""}
{"level":"error","message":"Error: ValidationError: username: Cast to string failed for value \"{\n  username: 'm@gmail.com',\n  idProduct: '63b49605c8ba8859f4084130',\n  quantity: 1\n}\" (type Object) at path \"username\""}
{"level":"error","message":"Error: ValidationError: username: Cast to string failed for value \"{\n  username: 'm@gmail.com',\n  idProduct: '63b495ac4207eabd4a000fcc',\n  quantity: 1\n}\" (type Object) at path \"username\""}
{"level":"error","message":"Error: ValidationError: username: Cast to string failed for value \"{\n  username: 'm@gmail.com',\n  idProduct: '63b495ac4207eabd4a000fcc',\n  quantity: 1\n}\" (type Object) at path \"username\""}
{"level":"error","message":"Error: ValidationError: username: Cast to string failed for value \"{\n  username: 'm@gmail.com',\n  idProduct: '63b495ac4207eabd4a000fcc',\n  quantity: 1\n}\" (type Object) at path \"username\""}
{"level":"error","message":"Error: ValidationError: username: Cast to string failed for value \"{\n  username: 'm@gmail.com',\n  idProduct: '63b495ac4207eabd4a000fcc',\n  quantity: 1\n}\" (type Object) at path \"username\""}
{"level":"error","message":"Error: ValidationError: username: Cast to string failed for value \"{\n  username: 'm@gmail.com',\n  idProduct: '63b495ac4207eabd4a000fcc',\n  quantity: 1\n}\" (type Object) at path \"username\""}
{"level":"warn","message":"Not found URL: http://localhost:8080/alt=%22img%22/"}
{"level":"warn","message":"Not found URL: http://localhost:8080/no"}
{"level":"warn","message":"Not found URL: http://localhost:8080/no"}
{"level":"warn","message":"Not found URL: http://localhost:8080/no"}
{"level":"warn","message":"Not found URL: http://localhost:8080/No"}
{"level":"warn","message":"Not found URL: http://localhost:8080/api/productos"}
{"level":"error","message":"Error: MongooseError: Operation `productos.insertOne()` buffering timed out after 10000ms"}
{"level":"error","message":"Error: CastError: Cast to ObjectId failed for value \"63b4983cec446b887f56703bs\" (type string) at path \"_id\" for model \"productos\""}
{"level":"error","message":"Error: CastError: Cast to ObjectId failed for value \"63b4983cec446b887f56703bs\" (type string) at path \"_id\" for model \"productos\""}
{"level":"error","message":"Error: CastError: Cast to ObjectId failed for value \"63dd7e4ad3329a7d4fce3f45d\" (type string) at path \"_id\" for model \"productos\""}
{"level":"error","message":"Error: BSONTypeError: Argument passed in must be a string of 12 bytes or a string of 24 hex characters or an integer"}
{"level":"error","message":"Error: BSONTypeError: Argument passed in must be a string of 12 bytes or a string of 24 hex characters or an integer"}
{"level":"error","message":"Error: BSONTypeError: Argument passed in must be a string of 12 bytes or a string of 24 hex characters or an integer"}
